%!Adobe-FontList 1.20
%Locale:0x409

%BeginFont
Handler:DirectoryHandler
FontType:Invalid
OutlineFileName:/Users/nelewillem/Documents/GitHub/huisstijlgids-loopbrug/downloads/briefpapier/briefpapier/Document fonts/AdobeFnt20.lst
FileLength:1634
FileModTime:576073010
%EndFont

%BeginFont
Handler:DirectoryHandler
FontType:Invalid
OutlineFileName:/Users/nelewillem/Documents/GitHub/huisstijlgids-loopbrug/downloads/briefpapier/briefpapier/Document fonts/AdobeFnt21.lst
FileLength:1879
FileModTime:576246776
%EndFont

%BeginFont
Handler:DirectoryHandler
FontType:TrueType
FontName:Nunito-Regular
FamilyName:Nunito
StyleName:Regular
MenuName:Nunito
StyleBits:0
WeightClass:400
WidthClass:5
AngleClass:0
FullName:Nunito Regular
WritingScript:Roman
OutlineFileName:/Users/nelewillem/Documents/GitHub/huisstijlgids-loopbrug/downloads/briefpapier/briefpapier/Document fonts/Nunito-Regular.ttf
DataFormat:sfntData
hasSVG:no
VariableFontType:NonVariableFont
FileLength:113832
FileModTime:366418800
NameArray:0,Mac,4,Nunito Regular
NameArray:0,Win,1,Nunito
%EndFont

%BeginFont
Handler:DirectoryHandler
FontType:TrueType
FontName:Nunito-Bold
FamilyName:Nunito
StyleName:Bold
MenuName:Nunito
StyleBits:2
WeightClass:700
WidthClass:5
AngleClass:0
FullName:Nunito Bold
WritingScript:Roman
OutlineFileName:/Users/nelewillem/Documents/GitHub/huisstijlgids-loopbrug/downloads/briefpapier/briefpapier/Document fonts/Nunito-Bold.ttf
DataFormat:sfntData
hasSVG:no
VariableFontType:NonVariableFont
FileLength:115852
FileModTime:366418800
NameArray:0,Mac,4,Nunito Bold
NameArray:0,Win,1,Nunito
%EndFont

%BeginFont
Handler:DirectoryHandler
FontType:TrueType
FontName:Nunito-Italic
FamilyName:Nunito
StyleName:Italic
MenuName:Nunito
StyleBits:1
WeightClass:400
WidthClass:5
AngleClass:1
FullName:Nunito Italic
WritingScript:Roman
OutlineFileName:/Users/nelewillem/Documents/GitHub/huisstijlgids-loopbrug/downloads/briefpapier/briefpapier/Document fonts/Nunito-Italic.ttf
DataFormat:sfntData
hasSVG:no
VariableFontType:NonVariableFont
FileLength:115780
FileModTime:366418800
NameArray:0,Mac,4,Nunito Italic
NameArray:0,Win,1,Nunito
%EndFont

