%!Adobe-FontList 1.20
%Locale:0x409

%BeginFont
Handler:DirectoryHandler
FontType:TrueType
FontName:Nunito-ExtraBold
FamilyName:Nunito
StyleName:ExtraBold
MenuName:Nunito ExtraBold
StyleBits:0
WeightClass:800
WidthClass:5
AngleClass:0
FullName:Nunito ExtraBold
WritingScript:Roman
OutlineFileName:/Users/nelewillem/Documents/Bachelorproef/Huisstijlgids/downloads/buiten/buitenreclame/Document fonts/Nunito-ExtraBold.ttf
DataFormat:sfntData
hasSVG:no
VariableFontType:NonVariableFont
FileLength:115944
FileModTime:366418800
NameArray:0,Mac,4,Nunito ExtraBold
NameArray:0,Win,1,Nunito ExtraBold
NameArray:0,Win,16,Nunito
%EndFont

